<?xml version="1.0" encoding="UTF-8"?>
<!-- Generated by org.testng.reporters.JUnitReportReporter -->
<testsuite hostname="DESKTOP-92O7TTM" failures="0" tests="2" name="com.derived.product1.tests.TicketsTest" time="3.613" errors="0" timestamp="2024-11-25T05:51:25 IST" skipped="0">
  <testcase classname="com.derived.product1.tests.TicketsTest" name="homePageTitleTest" time="0.033"/>
  <system-out/>
  <testcase classname="com.derived.product1.tests.TicketsTest" name="slideTitleValidation" time="3.580"/>
  <system-out/>
</testsuite> <!-- com.derived.product1.tests.TicketsTest -->
