<?xml version="1.0" encoding="UTF-8"?>
<!-- Generated by org.testng.reporters.JUnitReportReporter -->
<testsuite hostname="DESKTOP-92O7TTM" failures="0" tests="2" name="com.derived.product2.tests.FooterTest" time="1.629" errors="0" timestamp="2024-11-25T05:51:51 IST" skipped="0">
  <testcase classname="com.derived.product2.tests.FooterTest" name="homePageTitleTest" time="0.042"/>
  <system-out/>
  <testcase classname="com.derived.product2.tests.FooterTest" name="duplicateFooterValidation" time="1.587"/>
  <system-out/>
</testsuite> <!-- com.derived.product2.tests.FooterTest -->
