<?xml version="1.0" encoding="UTF-8"?>
<!-- Generated by org.testng.reporters.JUnitReportReporter -->
<testsuite hostname="DESKTOP-92O7TTM" failures="0" tests="1" name="com.core.product.tests.HomePageTest" time="0.050" errors="0" timestamp="2024-11-25T05:50:55 IST" skipped="0">
  <testcase classname="com.core.product.tests.HomePageTest" name="homePageTitleTest" time="0.050"/>
  <system-out/>
</testsuite> <!-- com.core.product.tests.HomePageTest -->
