<?xml version="1.0" encoding="UTF-8"?>
<!-- Generated by org.testng.reporters.JUnitReportReporter -->
<testsuite hostname="DESKTOP-92O7TTM" failures="0" tests="2" name="com.core.product.tests.NewsPageTest" time="5.600" errors="0" timestamp="2024-11-25T05:50:55 IST" skipped="0">
  <testcase classname="com.core.product.tests.NewsPageTest" name="newsPageTitleTest" time="0.067"/>
  <system-out/>
  <testcase classname="com.core.product.tests.NewsPageTest" name="getAllVideosTest" time="5.533"/>
  <system-out>
    <![CDATA[Total Number of videos 20
Number of videos posted 3 days back 0]]>
  </system-out>
</testsuite> <!-- com.core.product.tests.NewsPageTest -->
